bash: cd: /home/aasaad/DBMS/amal: No such file or directory
bash: cd: /home/aasaad/DBMS/amal: No such file or directory
bash: cd: /home/aasaad/DBMS/amal: No such file or directory
mkdir: cannot create directory ‘DBMS/test1’: No such file or directory
bash: cd: /home/aasaad/DBMS/test1: No such file or directory
mkdir: cannot create directory ‘DBMS/test1’: No such file or directory
bash: cd: /home/aasaad/DBMS/test1: No such file or directory
bash: cd: /home/aasaad/DBMS/test1: No such file or directory
bash: cd: /home/aasaad/DBMS/test1: No such file or directory
bash: cd: /home/aasaad/DBMS/test1: No such file or directory
mkdir: cannot create directory ‘DBMS/test1’: No such file or directory
bash: cd: /home/aasaad/DBMS/amal: No such file or directory
bash: cd: /home/aasaad/DBMS/aam: No such file or directory
mkdir: cannot create directory ‘DBMS/test1’: No such file or directory
bash: cd: /home/aasaad/DBMS/amal: No such file or directory
bash: cd: /home/aasaad/DBMS/amal: No such file or directory
mkdir: cannot create directory ‘DBMS/test1’: No such file or directory
bash: cd: /home/aasaad/DBMS/frdg: No such file or directory
bash: cd: /home/aasaad/DBMS/test1: No such file or directory
bash: cd: /home/aasaad/DBMS/amal: No such file or directory
bash: cd: /home/aasaad/DBMS/sls: No such file or directory
mkdir: cannot create directory ‘DBMS/test1’: No such file or directory
bash: cd: /home/aasaad/DBMS/ld: No such file or directory
bash: cd: /home/aasaad/DBMS/rlrfm: No such file or directory
bash: cd: /home/aasaad/DBMS/test: No such file or directory
